2025-09-08T17:51:40.139-0400 [INFO]  Terraform version: 1.5.7
2025-09-08T17:51:40.139-0400 [INFO]  Go runtime version: go1.22.2
2025-09-08T17:51:40.139-0400 [INFO]  CLI args: []string{"terraform", "apply", "--auto-approve"}
2025-09-08T17:51:40.139-0400 [INFO]  Loading CLI configuration from /Users/bradyburke/.terraformrc
2025-09-08T17:51:40.140-0400 [INFO]  CLI command args: []string{"apply", "--auto-approve"}
2025-09-08T17:51:40.142-0400 [INFO]  backend/local: starting Apply operation
2025-09-08T17:51:40.145-0400 [INFO]  provider: configuring client automatic mTLS
2025-09-08T17:51:40.162-0400 [INFO]  provider.terraform-provider-galaxy: configuring server automatic mTLS: timestamp=2025-09-08T17:51:40.162-0400
2025-09-08T17:51:40.183-0400 [INFO]  provider: configuring client automatic mTLS
2025-09-08T17:51:40.195-0400 [INFO]  provider.terraform-provider-galaxy: configuring server automatic mTLS: timestamp=2025-09-08T17:51:40.195-0400
2025-09-08T17:51:40.217-0400 [INFO]  backend/local: apply calling Plan
2025-09-08T17:51:40.218-0400 [INFO]  provider: configuring client automatic mTLS
2025-09-08T17:51:40.231-0400 [INFO]  provider.terraform-provider-galaxy: configuring server automatic mTLS: timestamp=2025-09-08T17:51:40.231-0400
2025-09-08T17:51:40.249-0400 [INFO]  provider.terraform-provider-galaxy: Configured Galaxy client: @caller=/Users/bradyburke/terraform-provider-galaxy/internal/provider/provider.go:111 @module=galaxy tf_req_id=c82af626-ba61-30d0-f4f9-2a2f02d567d0 domain=https://brady.galaxy.starburst.io tf_provider_addr=hashicorp.com/starburstdata/galaxy tf_rpc=ConfigureProvider timestamp=2025-09-08T17:51:40.249-0400
2025-09-08T17:51:40.249-0400 [INFO]  ReferenceTransformer: reference not found: "local.timestamp"
2025-09-08T17:51:40.249-0400 [INFO]  ReferenceTransformer: reference not found: "local.timestamp"
2025-09-08T17:51:40.250-0400 [INFO]  ReferenceTransformer: reference not found: "local.timestamp"
2025-09-08T17:51:40.250-0400 [INFO]  ReferenceTransformer: reference not found: "var.TESTING_POSTGRESQL_AWS_PASSWORD"
2025-09-08T17:51:40.250-0400 [INFO]  ReferenceTransformer: reference not found: "var.TESTING_POSTGRESQL_AWS_DATABASE"
2025-09-08T17:51:40.250-0400 [INFO]  ReferenceTransformer: reference not found: "local.timestamp"
2025-09-08T17:51:40.250-0400 [INFO]  ReferenceTransformer: reference not found: "var.TESTING_POSTGRESQL_AWS_USERNAME"
2025-09-08T17:51:40.250-0400 [INFO]  ReferenceTransformer: reference not found: "var.TESTING_POSTGRESQL_AWS_HOST"
2025-09-08T17:51:40.497-0400 [INFO]  ReferenceTransformer: reference not found: "local.timestamp"
2025-09-08T17:51:40.501-0400 [INFO]  ReferenceTransformer: reference not found: "galaxy_policy.row_security"
2025-09-08T17:51:40.504-0400 [INFO]  ReferenceTransformer: reference not found: "galaxy_policy.row_security#destroy"
2025-09-08T17:51:40.508-0400 [INFO]  backend/local: apply calling Apply
2025-09-08T17:51:40.508-0400 [INFO]  ReferenceTransformer: reference not found: "galaxy_policy.row_security#destroy"
2025-09-08T17:51:40.509-0400 [INFO]  provider: configuring client automatic mTLS
2025-09-08T17:51:40.524-0400 [INFO]  provider.terraform-provider-galaxy: configuring server automatic mTLS: timestamp=2025-09-08T17:51:40.524-0400
2025-09-08T17:51:40.544-0400 [INFO]  provider.terraform-provider-galaxy: Configured Galaxy client: @module=galaxy tf_req_id=e6bacd6a-c736-ca50-936d-bbdce58ad87c tf_rpc=ConfigureProvider @caller=/Users/bradyburke/terraform-provider-galaxy/internal/provider/provider.go:111 domain=https://brady.galaxy.starburst.io tf_provider_addr=hashicorp.com/starburstdata/galaxy timestamp=2025-09-08T17:51:40.544-0400
2025-09-08T17:51:40.547-0400 [INFO]  Starting apply for galaxy_policy.row_security
2025-09-08T17:51:40.547-0400 [INFO]  provider.terraform-provider-galaxy: SCOPES DEBUG: tf_rpc=ApplyResourceChange scopes_null=false scopes_unknown=false tf_resource_type=galaxy_policy tf_req_id=5cceb397-c5da-68a8-22f5-f2b067b625d2 @caller=/Users/bradyburke/terraform-provider-galaxy/internal/provider/policy_resource.go:209 @module=galaxy scopes_count=1 tf_provider_addr=hashicorp.com/starburstdata/galaxy timestamp=2025-09-08T17:51:40.547-0400
2025-09-08T17:51:40.547-0400 [INFO]  provider.terraform-provider-galaxy: SCOPE ELEMENT DEBUG: tf_req_id=5cceb397-c5da-68a8-22f5-f2b067b625d2 tf_resource_type=galaxy_policy tf_rpc=ApplyResourceChange type=resource_policy.ScopesValue @module=galaxy tf_provider_addr=hashicorp.com/starburstdata/galaxy elem="map[ColumnMaskIds:map[] ColumnName:map[] EntityId:map[] EntityKind:map[] Privileges:map[] RowFilterIds:map[] SchemaName:map[] TableName:map[]]" index=0 @caller=/Users/bradyburke/terraform-provider-galaxy/internal/provider/policy_resource.go:212 timestamp=2025-09-08T17:51:40.547-0400
2025-09-08T17:51:40.548-0400 [INFO]  provider.terraform-provider-galaxy: FIELD DEBUG - EntityId: tf_req_id=5cceb397-c5da-68a8-22f5-f2b067b625d2 value=c-2318082103 @caller=/Users/bradyburke/terraform-provider-galaxy/internal/provider/policy_resource.go:218 @module=galaxy is_unknown=false tf_provider_addr=hashicorp.com/starburstdata/galaxy tf_resource_type=galaxy_policy tf_rpc=ApplyResourceChange is_null=false timestamp=2025-09-08T17:51:40.547-0400
2025-09-08T17:51:40.548-0400 [INFO]  provider.terraform-provider-galaxy: FIELD DEBUG - EntityKind: @module=galaxy is_unknown=false tf_resource_type=galaxy_policy is_null=false tf_provider_addr=hashicorp.com/starburstdata/galaxy tf_req_id=5cceb397-c5da-68a8-22f5-f2b067b625d2 tf_rpc=ApplyResourceChange value=Catalog @caller=/Users/bradyburke/terraform-provider-galaxy/internal/provider/policy_resource.go:227 timestamp=2025-09-08T17:51:40.547-0400
2025-09-08T17:51:40.548-0400 [INFO]  provider.terraform-provider-galaxy: FIELD DEBUG - RowFilterIds: tf_provider_addr=hashicorp.com/starburstdata/galaxy tf_resource_type=galaxy_policy @caller=/Users/bradyburke/terraform-provider-galaxy/internal/provider/policy_resource.go:264 is_unknown=false tf_req_id=5cceb397-c5da-68a8-22f5-f2b067b625d2 tf_rpc=ApplyResourceChange @module=galaxy element_count=1 is_null=false timestamp=2025-09-08T17:51:40.547-0400
2025-09-08T17:51:40.548-0400 [INFO]  provider.terraform-provider-galaxy: ROW FILTER ELEMENT DEBUG: @caller=/Users/bradyburke/terraform-provider-galaxy/internal/provider/policy_resource.go:273 @module=galaxy is_null=false is_unknown=false tf_resource_type=galaxy_policy tf_rpc=ApplyResourceChange value=rf-9130481788 index=0 tf_provider_addr=hashicorp.com/starburstdata/galaxy tf_req_id=5cceb397-c5da-68a8-22f5-f2b067b625d2 timestamp=2025-09-08T17:51:40.547-0400
2025-09-08T17:51:40.548-0400 [INFO]  provider.terraform-provider-galaxy: FINAL ROW FILTER IDS: tf_rpc=ApplyResourceChange @caller=/Users/bradyburke/terraform-provider-galaxy/internal/provider/policy_resource.go:285 filterIds=[rf-9130481788] tf_provider_addr=hashicorp.com/starburstdata/galaxy tf_req_id=5cceb397-c5da-68a8-22f5-f2b067b625d2 @module=galaxy tf_resource_type=galaxy_policy timestamp=2025-09-08T17:51:40.547-0400
2025-09-08T17:51:40.548-0400 [INFO]  provider.terraform-provider-galaxy: PRIVILEGES DEBUG: is_null=false is_unknown=false tf_resource_type=galaxy_policy @caller=/Users/bradyburke/terraform-provider-galaxy/internal/provider/policy_resource.go:293 tf_provider_addr=hashicorp.com/starburstdata/galaxy tf_req_id=5cceb397-c5da-68a8-22f5-f2b067b625d2 tf_rpc=ApplyResourceChange @module=galaxy attrs_count=2 timestamp=2025-09-08T17:51:40.548-0400
2025-09-08T17:51:40.548-0400 [INFO]  provider.terraform-provider-galaxy: FINAL PRIVILEGES: privileges="map[grantKind:Allow privilege:[ManageSecurity]]" tf_rpc=ApplyResourceChange @caller=/Users/bradyburke/terraform-provider-galaxy/internal/provider/policy_resource.go:316 tf_provider_addr=hashicorp.com/starburstdata/galaxy tf_req_id=5cceb397-c5da-68a8-22f5-f2b067b625d2 tf_resource_type=galaxy_policy @module=galaxy timestamp=2025-09-08T17:51:40.548-0400
2025-09-08T17:51:40.548-0400 [INFO]  provider.terraform-provider-galaxy: PARSED SCOPE: tf_provider_addr=hashicorp.com/starburstdata/galaxy scope="map[columnName:customer_id entityId:c-2318082103 entityKind:Catalog privileges:map[grantKind:Allow privilege:[ManageSecurity]] rowFilterIds:[rf-9130481788]]" tf_req_id=5cceb397-c5da-68a8-22f5-f2b067b625d2 tf_resource_type=galaxy_policy @caller=/Users/bradyburke/terraform-provider-galaxy/internal/provider/policy_resource.go:321 @module=galaxy tf_rpc=ApplyResourceChange timestamp=2025-09-08T17:51:40.548-0400
2025-09-08T17:51:40.548-0400 [INFO]  provider.terraform-provider-galaxy: FINAL SCOPES: @module=galaxy @caller=/Users/bradyburke/terraform-provider-galaxy/internal/provider/policy_resource.go:330 tf_provider_addr=hashicorp.com/starburstdata/galaxy tf_req_id=5cceb397-c5da-68a8-22f5-f2b067b625d2 tf_resource_type=galaxy_policy tf_rpc=ApplyResourceChange scopes=["map[columnName:customer_id entityId:c-2318082103 entityKind:Catalog privileges:map[grantKind:Allow privilege:[ManageSecurity]] rowFilterIds:[rf-9130481788]]"] timestamp=2025-09-08T17:51:40.548-0400
2025-09-08T17:51:40.548-0400 [INFO]  provider.terraform-provider-galaxy: FULL POLICY REQUEST: tf_provider_addr=hashicorp.com/starburstdata/galaxy tf_rpc=ApplyResourceChange @caller=/Users/bradyburke/terraform-provider-galaxy/internal/provider/policy_resource.go:335 @module=galaxy request="{"description":"Row-level security policy for customer data","name":"rowsecuritytftesting","predicate":"true","roleId":"r-7498149263","scopes":[{"columnName":"customer_id","entityId":"c-2318082103","entityKind":"Catalog","privileges":{"grantKind":"Allow","privilege":["ManageSecurity"]},"rowFilterIds":["rf-9130481788"]}]}" tf_req_id=5cceb397-c5da-68a8-22f5-f2b067b625d2 tf_resource_type=galaxy_policy timestamp=2025-09-08T17:51:40.548-0400
2025-09-08T17:51:40.736-0400 [ERROR] provider.terraform-provider-galaxy: Response contains error diagnostic: tf_resource_type=galaxy_policy tf_rpc=ApplyResourceChange @module=sdk.proto diagnostic_summary="Error creating policy" tf_proto_version=6.9 diagnostic_detail="Could not create policy: API request failed with status 400: {"code":400,"message":"Null field","status":"INVALID_ARGUMENT","detailsType":"BadRequest","details":{"fieldViolations":[{"field":"n/a","description":"One or more fields in Set were null"}]}}" diagnostic_severity=ERROR tf_provider_addr=hashicorp.com/starburstdata/galaxy tf_req_id=5cceb397-c5da-68a8-22f5-f2b067b625d2 @caller=/Users/bradyburke/go/pkg/mod/github.com/hashicorp/terraform-plugin-go@v0.27.0/tfprotov6/internal/diag/diagnostics.go:58 timestamp=2025-09-08T17:51:40.736-0400
2025-09-08T17:51:40.743-0400 [ERROR] vertex "galaxy_policy.row_security" error: Error creating policy
