2025-09-08T17:51:12.924-0400 [INFO]  Terraform version: 1.5.7
2025-09-08T17:51:12.924-0400 [INFO]  Go runtime version: go1.22.2
2025-09-08T17:51:12.924-0400 [INFO]  CLI args: []string{"terraform", "apply", "--auto-approve"}
2025-09-08T17:51:12.924-0400 [INFO]  Loading CLI configuration from /Users/bradyburke/.terraformrc
2025-09-08T17:51:12.926-0400 [INFO]  CLI command args: []string{"apply", "--auto-approve"}
2025-09-08T17:51:12.935-0400 [INFO]  backend/local: starting Apply operation
2025-09-08T17:51:12.943-0400 [INFO]  provider: configuring client automatic mTLS
2025-09-08T17:51:13.002-0400 [INFO]  provider.terraform-provider-galaxy: configuring server automatic mTLS: timestamp=2025-09-08T17:51:13.002-0400
2025-09-08T17:51:13.051-0400 [INFO]  provider: configuring client automatic mTLS
2025-09-08T17:51:13.065-0400 [INFO]  provider.terraform-provider-galaxy: configuring server automatic mTLS: timestamp=2025-09-08T17:51:13.065-0400
2025-09-08T17:51:13.092-0400 [INFO]  backend/local: apply calling Plan
2025-09-08T17:51:13.094-0400 [INFO]  provider: configuring client automatic mTLS
2025-09-08T17:51:13.106-0400 [INFO]  provider.terraform-provider-galaxy: configuring server automatic mTLS: timestamp=2025-09-08T17:51:13.106-0400
2025-09-08T17:51:13.125-0400 [INFO]  provider.terraform-provider-galaxy: Configured Galaxy client: domain=https://brady.galaxy.starburst.io tf_provider_addr=hashicorp.com/starburstdata/galaxy tf_rpc=ConfigureProvider @caller=/Users/bradyburke/terraform-provider-galaxy/internal/provider/provider.go:111 @module=galaxy tf_req_id=efe6ecbf-19d1-35c7-d248-e104fabfe5df timestamp=2025-09-08T17:51:13.125-0400
2025-09-08T17:51:13.125-0400 [INFO]  ReferenceTransformer: reference not found: "local.timestamp"
2025-09-08T17:51:13.125-0400 [INFO]  ReferenceTransformer: reference not found: "local.timestamp"
2025-09-08T17:51:13.125-0400 [INFO]  ReferenceTransformer: reference not found: "local.timestamp"
2025-09-08T17:51:13.125-0400 [INFO]  ReferenceTransformer: reference not found: "var.TESTING_POSTGRESQL_AWS_DATABASE"
2025-09-08T17:51:13.125-0400 [INFO]  ReferenceTransformer: reference not found: "local.timestamp"
2025-09-08T17:51:13.125-0400 [INFO]  ReferenceTransformer: reference not found: "var.TESTING_POSTGRESQL_AWS_HOST"
2025-09-08T17:51:13.125-0400 [INFO]  ReferenceTransformer: reference not found: "var.TESTING_POSTGRESQL_AWS_PASSWORD"
2025-09-08T17:51:13.125-0400 [INFO]  ReferenceTransformer: reference not found: "var.TESTING_POSTGRESQL_AWS_USERNAME"
2025-09-08T17:51:13.423-0400 [INFO]  ReferenceTransformer: reference not found: "local.timestamp"
2025-09-08T17:51:13.428-0400 [INFO]  ReferenceTransformer: reference not found: "galaxy_policy.row_security"
2025-09-08T17:51:13.432-0400 [INFO]  ReferenceTransformer: reference not found: "galaxy_policy.row_security#destroy"
2025-09-08T17:51:13.436-0400 [INFO]  backend/local: apply calling Apply
2025-09-08T17:51:13.438-0400 [INFO]  ReferenceTransformer: reference not found: "galaxy_policy.row_security#destroy"
2025-09-08T17:51:13.439-0400 [INFO]  provider: configuring client automatic mTLS
2025-09-08T17:51:13.457-0400 [INFO]  provider.terraform-provider-galaxy: configuring server automatic mTLS: timestamp=2025-09-08T17:51:13.457-0400
2025-09-08T17:51:13.477-0400 [INFO]  provider.terraform-provider-galaxy: Configured Galaxy client: @module=galaxy @caller=/Users/bradyburke/terraform-provider-galaxy/internal/provider/provider.go:111 tf_provider_addr=hashicorp.com/starburstdata/galaxy tf_req_id=11104987-a602-22f1-3b2b-6f22acdcde93 tf_rpc=ConfigureProvider domain=https://brady.galaxy.starburst.io timestamp=2025-09-08T17:51:13.477-0400
2025-09-08T17:51:13.480-0400 [INFO]  Starting apply for galaxy_policy.row_security
2025-09-08T17:51:13.481-0400 [INFO]  provider.terraform-provider-galaxy: SCOPES DEBUG: @module=galaxy tf_provider_addr=hashicorp.com/starburstdata/galaxy tf_req_id=6f0617b8-1e9b-8035-b6ea-df6a93958ed2 @caller=/Users/bradyburke/terraform-provider-galaxy/internal/provider/policy_resource.go:209 scopes_count=1 scopes_null=false scopes_unknown=false tf_resource_type=galaxy_policy tf_rpc=ApplyResourceChange timestamp=2025-09-08T17:51:13.481-0400
2025-09-08T17:51:13.481-0400 [INFO]  provider.terraform-provider-galaxy: SCOPE ELEMENT DEBUG: tf_resource_type=galaxy_policy type=resource_policy.ScopesValue index=0 tf_provider_addr=hashicorp.com/starburstdata/galaxy @caller=/Users/bradyburke/terraform-provider-galaxy/internal/provider/policy_resource.go:212 @module=galaxy elem="map[ColumnMaskIds:map[] ColumnName:map[] EntityId:map[] EntityKind:map[] Privileges:map[] RowFilterIds:map[] SchemaName:map[] TableName:map[]]" tf_req_id=6f0617b8-1e9b-8035-b6ea-df6a93958ed2 tf_rpc=ApplyResourceChange timestamp=2025-09-08T17:51:13.481-0400
2025-09-08T17:51:13.481-0400 [INFO]  provider.terraform-provider-galaxy: FIELD DEBUG - EntityId: value=c-2318082103 @module=galaxy is_null=false is_unknown=false tf_resource_type=galaxy_policy tf_rpc=ApplyResourceChange @caller=/Users/bradyburke/terraform-provider-galaxy/internal/provider/policy_resource.go:218 tf_provider_addr=hashicorp.com/starburstdata/galaxy tf_req_id=6f0617b8-1e9b-8035-b6ea-df6a93958ed2 timestamp=2025-09-08T17:51:13.481-0400
2025-09-08T17:51:13.481-0400 [INFO]  provider.terraform-provider-galaxy: FIELD DEBUG - EntityKind: @caller=/Users/bradyburke/terraform-provider-galaxy/internal/provider/policy_resource.go:227 is_unknown=false tf_provider_addr=hashicorp.com/starburstdata/galaxy tf_resource_type=galaxy_policy value=Catalog @module=galaxy is_null=false tf_req_id=6f0617b8-1e9b-8035-b6ea-df6a93958ed2 tf_rpc=ApplyResourceChange timestamp=2025-09-08T17:51:13.481-0400
2025-09-08T17:51:13.481-0400 [INFO]  provider.terraform-provider-galaxy: FIELD DEBUG - RowFilterIds: is_null=false is_unknown=false tf_provider_addr=hashicorp.com/starburstdata/galaxy tf_req_id=6f0617b8-1e9b-8035-b6ea-df6a93958ed2 tf_rpc=ApplyResourceChange element_count=1 @module=galaxy tf_resource_type=galaxy_policy @caller=/Users/bradyburke/terraform-provider-galaxy/internal/provider/policy_resource.go:264 timestamp=2025-09-08T17:51:13.481-0400
2025-09-08T17:51:13.481-0400 [INFO]  provider.terraform-provider-galaxy: ROW FILTER ELEMENT DEBUG: is_unknown=false tf_provider_addr=hashicorp.com/starburstdata/galaxy tf_req_id=6f0617b8-1e9b-8035-b6ea-df6a93958ed2 tf_resource_type=galaxy_policy tf_rpc=ApplyResourceChange is_null=false value=rf-9130481788 @caller=/Users/bradyburke/terraform-provider-galaxy/internal/provider/policy_resource.go:273 @module=galaxy index=0 timestamp=2025-09-08T17:51:13.481-0400
2025-09-08T17:51:13.481-0400 [INFO]  provider.terraform-provider-galaxy: FINAL ROW FILTER IDS: @module=galaxy filterIds=[rf-9130481788] tf_provider_addr=hashicorp.com/starburstdata/galaxy tf_req_id=6f0617b8-1e9b-8035-b6ea-df6a93958ed2 tf_rpc=ApplyResourceChange @caller=/Users/bradyburke/terraform-provider-galaxy/internal/provider/policy_resource.go:285 tf_resource_type=galaxy_policy timestamp=2025-09-08T17:51:13.481-0400
2025-09-08T17:51:13.481-0400 [INFO]  provider.terraform-provider-galaxy: PRIVILEGES DEBUG: tf_rpc=ApplyResourceChange attrs_count=2 is_unknown=false tf_provider_addr=hashicorp.com/starburstdata/galaxy tf_req_id=6f0617b8-1e9b-8035-b6ea-df6a93958ed2 tf_resource_type=galaxy_policy @caller=/Users/bradyburke/terraform-provider-galaxy/internal/provider/policy_resource.go:293 @module=galaxy is_null=false timestamp=2025-09-08T17:51:13.481-0400
2025-09-08T17:51:13.481-0400 [INFO]  provider.terraform-provider-galaxy: FINAL PRIVILEGES: @caller=/Users/bradyburke/terraform-provider-galaxy/internal/provider/policy_resource.go:316 privileges="map[grantKind:Allow privilege:[ManageSecurity]]" tf_req_id=6f0617b8-1e9b-8035-b6ea-df6a93958ed2 tf_resource_type=galaxy_policy tf_rpc=ApplyResourceChange @module=galaxy tf_provider_addr=hashicorp.com/starburstdata/galaxy timestamp=2025-09-08T17:51:13.481-0400
2025-09-08T17:51:13.481-0400 [INFO]  provider.terraform-provider-galaxy: PARSED SCOPE: @module=galaxy scope="map[entityId:c-2318082103 entityKind:Catalog privileges:map[grantKind:Allow privilege:[ManageSecurity]] rowFilterIds:[rf-9130481788]]" tf_rpc=ApplyResourceChange @caller=/Users/bradyburke/terraform-provider-galaxy/internal/provider/policy_resource.go:321 tf_req_id=6f0617b8-1e9b-8035-b6ea-df6a93958ed2 tf_resource_type=galaxy_policy tf_provider_addr=hashicorp.com/starburstdata/galaxy timestamp=2025-09-08T17:51:13.481-0400
2025-09-08T17:51:13.481-0400 [INFO]  provider.terraform-provider-galaxy: FINAL SCOPES: tf_provider_addr=hashicorp.com/starburstdata/galaxy @caller=/Users/bradyburke/terraform-provider-galaxy/internal/provider/policy_resource.go:330 scopes=["map[entityId:c-2318082103 entityKind:Catalog privileges:map[grantKind:Allow privilege:[ManageSecurity]] rowFilterIds:[rf-9130481788]]"] tf_req_id=6f0617b8-1e9b-8035-b6ea-df6a93958ed2 tf_resource_type=galaxy_policy tf_rpc=ApplyResourceChange @module=galaxy timestamp=2025-09-08T17:51:13.481-0400
2025-09-08T17:51:13.481-0400 [INFO]  provider.terraform-provider-galaxy: FULL POLICY REQUEST: request="{"description":"Row-level security policy for customer data","name":"rowsecuritytftesting","predicate":"true","roleId":"r-7498149263","scopes":[{"entityId":"c-2318082103","entityKind":"Catalog","privileges":{"grantKind":"Allow","privilege":["ManageSecurity"]},"rowFilterIds":["rf-9130481788"]}]}" tf_resource_type=galaxy_policy tf_provider_addr=hashicorp.com/starburstdata/galaxy tf_req_id=6f0617b8-1e9b-8035-b6ea-df6a93958ed2 tf_rpc=ApplyResourceChange @caller=/Users/bradyburke/terraform-provider-galaxy/internal/provider/policy_resource.go:335 @module=galaxy timestamp=2025-09-08T17:51:13.481-0400
2025-09-08T17:51:13.698-0400 [ERROR] provider.terraform-provider-galaxy: Response contains error diagnostic: tf_proto_version=6.9 tf_req_id=6f0617b8-1e9b-8035-b6ea-df6a93958ed2 tf_resource_type=galaxy_policy @module=sdk.proto diagnostic_detail="Could not create policy: API request failed with status 400: {"code":400,"message":"Null field","status":"INVALID_ARGUMENT","detailsType":"BadRequest","details":{"fieldViolations":[{"field":"n/a","description":"One or more fields in Set were null"}]}}" diagnostic_severity=ERROR @caller=/Users/bradyburke/go/pkg/mod/github.com/hashicorp/terraform-plugin-go@v0.27.0/tfprotov6/internal/diag/diagnostics.go:58 diagnostic_summary="Error creating policy" tf_provider_addr=hashicorp.com/starburstdata/galaxy tf_rpc=ApplyResourceChange timestamp=2025-09-08T17:51:13.697-0400
2025-09-08T17:51:13.704-0400 [ERROR] vertex "galaxy_policy.row_security" error: Error creating policy
